<?xml version="1.0" encoding="UTF-8"?>
<!-- Generated by org.testng.reporters.JUnitReportReporter -->
<testsuite skipped="0" hostname="DESKTOP-PC23MV5" name="PurchaseMoudle.MainTests" tests="1" failures="0" timestamp="30 Jan 2019 10:24:18 GMT" time="33.227" errors="0">
  <testcase name="FinalTests" time="33.227" classname="PurchaseMoudle.MainTests"/>
</testsuite> <!-- PurchaseMoudle.MainTests -->
