<?xml version="1.0" encoding="UTF-8"?>
<!-- Generated by org.testng.reporters.JUnitReportReporter -->
<testsuite skipped="0" hostname="DESKTOP-PC23MV5" name="PurchaseMoudle.SmokeTest" tests="1" failures="0" timestamp="30 Jan 2019 06:50:53 GMT" time="19.868" errors="0">
  <testcase name="homework" time="19.868" classname="PurchaseMoudle.SmokeTest"/>
</testsuite> <!-- PurchaseMoudle.SmokeTest -->
